<?xml version="1.0" encoding="utf-8"?><testsuites name="pytest tests"><testsuite name="pytest" errors="0" failures="0" skipped="0" tests="7" time="2.518" timestamp="2026-05-19T11:54:10.098026+00:00" hostname="agent-env-95912af9-ec1d-4c9f-b1df-3ed0038a6a7b"><testcase classname="backend.tests.test_accounts_api" name="test_root_ok" time="0.289" /><testcase classname="backend.tests.test_accounts_api" name="test_list_accounts_returns_list" time="0.135" /><testcase classname="backend.tests.test_accounts_api" name="test_create_account_autogen_and_persistence" time="0.292" /><testcase classname="backend.tests.test_accounts_api" name="test_create_duplicate_returns_409" time="0.413" /><testcase classname="backend.tests.test_accounts_api" name="test_update_account_fields" time="0.362" /><testcase classname="backend.tests.test_accounts_api" name="test_update_not_found" time="0.101" /><testcase classname="backend.tests.test_accounts_api" name="test_delete_account_and_404_on_missing" time="0.814" /></testsuite></testsuites>